0 info it worked if it ends with ok
<<<<<<< HEAD
1 verbose cli [ '/usr/local/Cellar/node/6.0.0/bin/node',
1 verbose cli   '/usr/local/bin/npm',
1 verbose cli   'start' ]
2 info using npm@3.8.6
3 info using node@v6.0.0
4 verbose run-script [ 'prestart', 'start', 'poststart' ]
5 info lifecycle renter_helper@1.0.0~prestart: renter_helper@1.0.0
6 silly lifecycle renter_helper@1.0.0~prestart: no script for prestart, continuing
7 info lifecycle renter_helper@1.0.0~start: renter_helper@1.0.0
8 verbose lifecycle renter_helper@1.0.0~start: unsafe-perm in lifecycle true
9 verbose lifecycle renter_helper@1.0.0~start: PATH: /usr/local/lib/node_modules/npm/bin/node-gyp-bin:/Users/newmac/Dev/renter_helper/node_modules/.bin:/usr/local/Cellar/node/6.0.0/bin://anaconda/bin:/Library/Frameworks/Python.framework/Versions/3.4/bin:/Users/newmac/anaconda/bin:/Users/newmac/bin:/usr/local/bin:/usr/local/rvm/gems/ruby-2.0.0-p247/bin:/usr/local/rvm/gems/ruby-2.0.0-p247@global/bin:/usr/local/rvm/rubies/ruby-2.0.0-p247/bin:/usr/local/rvm/bin:/usr/local/rvm/bin:/usr/local/bin:/usr/bin:/bin:/usr/sbin:/sbin:/usr/local/git/bin:/opt/sm/bin:/opt/sm/pkg/active/bin:/opt/sm/pkg/active/sbin
10 verbose lifecycle renter_helper@1.0.0~start: CWD: /Users/newmac/Dev/renter_helper
11 silly lifecycle renter_helper@1.0.0~start: Args: [ '-c', 'node app.js' ]
12 silly lifecycle renter_helper@1.0.0~start: Returned: code: 1  signal: null
13 info lifecycle renter_helper@1.0.0~start: Failed to exec start script
14 verbose stack Error: renter_helper@1.0.0 start: `node app.js`
14 verbose stack Exit status 1
14 verbose stack     at EventEmitter.<anonymous> (/usr/local/lib/node_modules/npm/lib/utils/lifecycle.js:239:16)
14 verbose stack     at emitTwo (events.js:106:13)
14 verbose stack     at EventEmitter.emit (events.js:191:7)
14 verbose stack     at ChildProcess.<anonymous> (/usr/local/lib/node_modules/npm/lib/utils/spawn.js:24:14)
14 verbose stack     at emitTwo (events.js:106:13)
14 verbose stack     at ChildProcess.emit (events.js:191:7)
14 verbose stack     at maybeClose (internal/child_process.js:850:16)
14 verbose stack     at Process.ChildProcess._handle.onexit (internal/child_process.js:215:5)
15 verbose pkgid renter_helper@1.0.0
16 verbose cwd /Users/newmac/Dev/renter_helper
17 error Darwin 14.5.0
18 error argv "/usr/local/Cellar/node/6.0.0/bin/node" "/usr/local/bin/npm" "start"
19 error node v6.0.0
20 error npm  v3.8.6
21 error code ELIFECYCLE
22 error renter_helper@1.0.0 start: `node app.js`
22 error Exit status 1
23 error Failed at the renter_helper@1.0.0 start script 'node app.js'.
23 error Make sure you have the latest version of node.js and npm installed.
23 error If you do, this is most likely a problem with the renter_helper package,
23 error not with npm itself.
23 error Tell the author that this fails on your system:
23 error     node app.js
23 error You can get information on how to open an issue for this project with:
23 error     npm bugs renter_helper
23 error Or if that isn't available, you can get their info via:
23 error     npm owner ls renter_helper
23 error There is likely additional logging output above.
24 verbose exit [ 1, true ]
=======
1 verbose cli [ '/usr/local/Cellar/node/4.2.1/bin/node',
1 verbose cli   '/usr/local/bin/npm',
1 verbose cli   'start' ]
2 info using npm@2.14.7
3 info using node@v4.2.1
4 verbose run-script [ 'prestart', 'start', 'poststart' ]
5 info prestart renter_helper@1.0.0
6 info start renter_helper@1.0.0
7 verbose unsafe-perm in lifecycle true
8 info renter_helper@1.0.0 Failed to exec start script
9 verbose stack Error: renter_helper@1.0.0 start: `server/app.js`
9 verbose stack Exit status 126
9 verbose stack     at EventEmitter.<anonymous> (/usr/local/lib/node_modules/npm/lib/utils/lifecycle.js:214:16)
9 verbose stack     at emitTwo (events.js:87:13)
9 verbose stack     at EventEmitter.emit (events.js:172:7)
9 verbose stack     at ChildProcess.<anonymous> (/usr/local/lib/node_modules/npm/lib/utils/spawn.js:24:14)
9 verbose stack     at emitTwo (events.js:87:13)
9 verbose stack     at ChildProcess.emit (events.js:172:7)
9 verbose stack     at maybeClose (internal/child_process.js:818:16)
9 verbose stack     at Process.ChildProcess._handle.onexit (internal/child_process.js:211:5)
10 verbose pkgid renter_helper@1.0.0
11 verbose cwd /Users/user/Documents/RenterHelper
12 error Darwin 14.5.0
13 error argv "/usr/local/Cellar/node/4.2.1/bin/node" "/usr/local/bin/npm" "start"
14 error node v4.2.1
15 error npm  v2.14.7
16 error code ELIFECYCLE
17 error renter_helper@1.0.0 start: `server/app.js`
17 error Exit status 126
18 error Failed at the renter_helper@1.0.0 start script 'server/app.js'.
18 error This is most likely a problem with the renter_helper package,
18 error not with npm itself.
18 error Tell the author that this fails on your system:
18 error     server/app.js
18 error You can get their info via:
18 error     npm owner ls renter_helper
18 error There is likely additional logging output above.
19 verbose exit [ 1, true ]
>>>>>>> e7860230d3fa7708408ce08bfda4c24559695c3d
